<?xml version="1.0" encoding="UTF-8"?>
<testsuite name="com.ssafy.project.service.UserServiceTest" tests="1" skipped="0" failures="0" errors="0" timestamp="2023-07-26T06:11:49" hostname="DESKTOP-BLHP263" time="0.797">
  <properties/>
  <testcase name="유저확인()" classname="com.ssafy.project.service.UserServiceTest" time="0.797"/>
  <system-out><![CDATA[15:11:42.257 [Test worker] INFO org.springframework.test.context.support.AnnotationConfigContextLoaderUtils -- Could not detect default configuration classes for test class [com.ssafy.project.service.UserServiceTest]: UserServiceTest does not declare any static, non-private, non-final, nested classes annotated with @Configuration.
15:11:42.390 [Test worker] INFO org.springframework.boot.test.context.SpringBootTestContextBootstrapper -- Found @SpringBootConfiguration com.ssafy.project.ProjectApplication for test class com.ssafy.project.service.UserServiceTest

  .   ____          _            __ _ _
 /\\ / ___'_ __ _ _(_)_ __  __ _ \ \ \ \
( ( )\___ | '_ | '_| | '_ \/ _` | \ \ \ \
 \\/  ___)| |_)| | | | | || (_| |  ) ) ) )
  '  |____| .__|_| |_|_| |_\__, | / / / /
 =========|_|==============|___/=/_/_/_/
 :: Spring Boot ::                (v3.1.1)

2023-07-26T15:11:43.008+09:00  INFO 18612 --- [    Test worker] c.ssafy.project.service.UserServiceTest  : Starting UserServiceTest using Java 17.0.7 with PID 18612 (started by SSAFY in C:\공통프로젝트\Sub-PJT2\backend\backend)
2023-07-26T15:11:43.010+09:00  INFO 18612 --- [    Test worker] c.ssafy.project.service.UserServiceTest  : No active profile set, falling back to 1 default profile: "default"
2023-07-26T15:11:43.931+09:00  INFO 18612 --- [    Test worker] .s.d.r.c.RepositoryConfigurationDelegate : Bootstrapping Spring Data JPA repositories in DEFAULT mode.
2023-07-26T15:11:44.037+09:00  INFO 18612 --- [    Test worker] .s.d.r.c.RepositoryConfigurationDelegate : Finished Spring Data repository scanning in 89 ms. Found 5 JPA repository interfaces.
2023-07-26T15:11:44.672+09:00  INFO 18612 --- [    Test worker] o.hibernate.jpa.internal.util.LogHelper  : HHH000204: Processing PersistenceUnitInfo [name: default]
2023-07-26T15:11:44.761+09:00  INFO 18612 --- [    Test worker] org.hibernate.Version                    : HHH000412: Hibernate ORM core version 6.2.5.Final
2023-07-26T15:11:44.764+09:00  INFO 18612 --- [    Test worker] org.hibernate.cfg.Environment            : HHH000406: Using bytecode reflection optimizer
2023-07-26T15:11:44.966+09:00  INFO 18612 --- [    Test worker] o.h.b.i.BytecodeProviderInitiator        : HHH000021: Bytecode provider name : bytebuddy
2023-07-26T15:11:45.168+09:00  INFO 18612 --- [    Test worker] o.s.o.j.p.SpringPersistenceUnitInfo      : No LoadTimeWeaver setup: ignoring JPA class transformer
2023-07-26T15:11:45.193+09:00  INFO 18612 --- [    Test worker] com.zaxxer.hikari.HikariDataSource       : HikariPool-1 - Starting...
2023-07-26T15:11:45.561+09:00  INFO 18612 --- [    Test worker] com.zaxxer.hikari.pool.HikariPool        : HikariPool-1 - Added connection com.mysql.cj.jdbc.ConnectionImpl@1d3a03fe
2023-07-26T15:11:45.564+09:00  INFO 18612 --- [    Test worker] com.zaxxer.hikari.HikariDataSource       : HikariPool-1 - Start completed.
2023-07-26T15:11:45.643+09:00  WARN 18612 --- [    Test worker] org.hibernate.orm.deprecation            : HHH90000026: MySQL8Dialect has been deprecated; use org.hibernate.dialect.MySQLDialect instead
2023-07-26T15:11:46.123+09:00  INFO 18612 --- [    Test worker] o.h.b.i.BytecodeProviderInitiator        : HHH000021: Bytecode provider name : bytebuddy
2023-07-26T15:11:47.144+09:00  INFO 18612 --- [    Test worker] o.h.e.t.j.p.i.JtaPlatformInitiator       : HHH000490: Using JtaPlatform implementation: [org.hibernate.engine.transaction.jta.platform.internal.NoJtaPlatform]
2023-07-26T15:11:47.167+09:00 DEBUG 18612 --- [    Test worker] org.hibernate.SQL                        : 
    alter table comment 
       drop 
       foreign key FK8hnaxpt19wkxht34y9lj6d924
2023-07-26T15:11:47.187+09:00 DEBUG 18612 --- [    Test worker] org.hibernate.SQL                        : 
    alter table comment 
       drop 
       foreign key FKqm52p1v3o13hy268he0wcngr5
2023-07-26T15:11:47.195+09:00 DEBUG 18612 --- [    Test worker] org.hibernate.SQL                        : 
    alter table friend_message 
       drop 
       foreign key FKmypjh3v3h01fb4mmv1eqlucw3
2023-07-26T15:11:47.204+09:00 DEBUG 18612 --- [    Test worker] org.hibernate.SQL                        : 
    alter table friend_message 
       drop 
       foreign key FKcgo496tsvsh8160b61vl6rteu
2023-07-26T15:11:47.211+09:00 DEBUG 18612 --- [    Test worker] org.hibernate.SQL                        : 
    alter table friend_message 
       drop 
       foreign key FKhvbnqpg95cvkd8kwm74fh9bvu
2023-07-26T15:11:47.219+09:00 DEBUG 18612 --- [    Test worker] org.hibernate.SQL                        : 
    alter table friend_ship 
       drop 
       foreign key FKo81dgxr12v6jh7istcqtsdrmi
2023-07-26T15:11:47.228+09:00 DEBUG 18612 --- [    Test worker] org.hibernate.SQL                        : 
    alter table friend_ship 
       drop 
       foreign key FKhjv9s41799s4f5gh9h0y3l1ln
2023-07-26T15:11:47.236+09:00 DEBUG 18612 --- [    Test worker] org.hibernate.SQL                        : 
    alter table meeting_group 
       drop 
       foreign key FKlpby273od6g120k53gy9jvlka
2023-07-26T15:11:47.247+09:00 DEBUG 18612 --- [    Test worker] org.hibernate.SQL                        : 
    alter table meeting_room 
       drop 
       foreign key FK2ljhh665de8pl14t9fpyi6dsa
2023-07-26T15:11:47.266+09:00 DEBUG 18612 --- [    Test worker] org.hibernate.SQL                        : 
    alter table meeting_room 
       drop 
       foreign key FK9p00mrmiec6akv2606hqb7phc
2023-07-26T15:11:47.280+09:00 DEBUG 18612 --- [    Test worker] org.hibernate.SQL                        : 
    alter table meeting_room_message 
       drop 
       foreign key FKjik3vy046tk71oswsiyrcf7tf
2023-07-26T15:11:47.289+09:00 DEBUG 18612 --- [    Test worker] org.hibernate.SQL                        : 
    alter table meeting_room_message 
       drop 
       foreign key FK9cgl7trlfxiv7xcnyh1abs217
2023-07-26T15:11:47.297+09:00 DEBUG 18612 --- [    Test worker] org.hibernate.SQL                        : 
    alter table profile 
       drop 
       foreign key FKs14jvsf9tqrcnly0afsv0ngwv
2023-07-26T15:11:47.308+09:00 DEBUG 18612 --- [    Test worker] org.hibernate.SQL                        : 
    alter table profile_image 
       drop 
       foreign key FKj7q7ua8fc86ib49670ys8f9rw
2023-07-26T15:11:47.315+09:00 DEBUG 18612 --- [    Test worker] org.hibernate.SQL                        : 
    alter table three_meeting_room_group 
       drop 
       foreign key FKphbxg67i4fsf2osr4edlakh6o
2023-07-26T15:11:47.324+09:00 DEBUG 18612 --- [    Test worker] org.hibernate.SQL                        : 
    alter table users 
       drop 
       foreign key FKrtgwmfk71wu3tj1ac07hkjqnk
2023-07-26T15:11:47.334+09:00 DEBUG 18612 --- [    Test worker] org.hibernate.SQL                        : 
    drop table if exists comment
2023-07-26T15:11:47.343+09:00 DEBUG 18612 --- [    Test worker] org.hibernate.SQL                        : 
    drop table if exists friend_message
2023-07-26T15:11:47.351+09:00 DEBUG 18612 --- [    Test worker] org.hibernate.SQL                        : 
    drop table if exists friend_ship
2023-07-26T15:11:47.358+09:00 DEBUG 18612 --- [    Test worker] org.hibernate.SQL                        : 
    drop table if exists meeting_group
2023-07-26T15:11:47.366+09:00 DEBUG 18612 --- [    Test worker] org.hibernate.SQL                        : 
    drop table if exists meeting_room
2023-07-26T15:11:47.374+09:00 DEBUG 18612 --- [    Test worker] org.hibernate.SQL                        : 
    drop table if exists meeting_room_message
2023-07-26T15:11:47.381+09:00 DEBUG 18612 --- [    Test worker] org.hibernate.SQL                        : 
    drop table if exists profile
2023-07-26T15:11:47.388+09:00 DEBUG 18612 --- [    Test worker] org.hibernate.SQL                        : 
    drop table if exists profile_image
2023-07-26T15:11:47.397+09:00 DEBUG 18612 --- [    Test worker] org.hibernate.SQL                        : 
    drop table if exists three_meeting_room_group
2023-07-26T15:11:47.404+09:00 DEBUG 18612 --- [    Test worker] org.hibernate.SQL                        : 
    drop table if exists users
2023-07-26T15:11:47.416+09:00 DEBUG 18612 --- [    Test worker] org.hibernate.SQL                        : 
    create table comment (
        comment_id bigint not null auto_increment,
        created_date datetime(6),
        modified_date datetime(6),
        user_id bigint,
        user_profile_id bigint,
        content varchar(255),
        primary key (comment_id)
    ) engine=InnoDB
2023-07-26T15:11:47.432+09:00 DEBUG 18612 --- [    Test worker] org.hibernate.SQL                        : 
    create table friend_message (
        created_date datetime(6),
        friend_ship_id bigint,
        message_from_user_id bigint,
        message_id bigint not null auto_increment,
        message_to_user_id bigint,
        modified_date datetime(6),
        content varchar(255),
        primary key (message_id)
    ) engine=InnoDB
2023-07-26T15:11:47.447+09:00 DEBUG 18612 --- [    Test worker] org.hibernate.SQL                        : 
    create table friend_ship (
        created_date datetime(6),
        friend_id bigint,
        friend_ship_id bigint not null auto_increment,
        modified_date datetime(6),
        user_id bigint,
        freind_ship_status enum ('FOLLOW','UNFOLLOW'),
        primary key (friend_ship_id)
    ) engine=InnoDB
2023-07-26T15:11:47.461+09:00 DEBUG 18612 --- [    Test worker] org.hibernate.SQL                        : 
    create table meeting_group (
        accepted bit not null,
        group_count integer not null,
        three_room_group_id integer,
        user_gender tinyint,
        created_date datetime(6),
        group_id bigint not null auto_increment,
        modified_date datetime(6),
        group_role enum ('LEADER','MEMBER'),
        primary key (group_id)
    ) engine=InnoDB
2023-07-26T15:11:47.476+09:00 DEBUG 18612 --- [    Test worker] org.hibernate.SQL                        : 
    create table meeting_room (
        female_count integer,
        is_ready bit,
        is_start bit not null,
        male_count integer,
        created_date datetime(6),
        female_user_id bigint,
        male_user_id bigint,
        modified_date datetime(6),
        room_id bigint not null auto_increment,
        room_type varchar(31) not null,
        primary key (room_id)
    ) engine=InnoDB
2023-07-26T15:11:47.491+09:00 DEBUG 18612 --- [    Test worker] org.hibernate.SQL                        : 
    create table meeting_room_message (
        created_date datetime(6),
        message_from_user_id bigint,
        message_id bigint not null auto_increment,
        modified_date datetime(6),
        room_id bigint,
        content varchar(255),
        primary key (message_id)
    ) engine=InnoDB
2023-07-26T15:11:47.505+09:00 DEBUG 18612 --- [    Test worker] org.hibernate.SQL                        : 
    create table profile (
        user_like int default 0 not null,
        created_date datetime(6),
        modified_date datetime(6),
        user_id bigint not null,
        user_profile_id bigint not null auto_increment,
        content varchar(255),
        user_hobby varchar(255),
        user_job varchar(255),
        user_mbti varchar(255),
        user_region varchar(255),
        primary key (user_profile_id)
    ) engine=InnoDB
2023-07-26T15:11:47.521+09:00 DEBUG 18612 --- [    Test worker] org.hibernate.SQL                        : 
    create table profile_image (
        created_date datetime(6),
        modified_date datetime(6),
        profile_img_id bigint not null auto_increment,
        user_profile_id bigint,
        stored_file_name varchar(255),
        upload_file_name varchar(255),
        primary key (profile_img_id)
    ) engine=InnoDB
2023-07-26T15:11:47.536+09:00 DEBUG 18612 --- [    Test worker] org.hibernate.SQL                        : 
    create table three_meeting_room_group (
        group_meeting_room_user_id integer not null auto_increment,
        user_gender tinyint,
        three_meeting_room_id bigint,
        primary key (group_meeting_room_user_id)
    ) engine=InnoDB
2023-07-26T15:11:47.552+09:00 DEBUG 18612 --- [    Test worker] org.hibernate.SQL                        : 
    create table users (
        user_age integer not null,
        user_mode int default 1 not null,
        created_date datetime(6),
        group_id bigint,
        modified_date datetime(6),
        user_id bigint not null auto_increment,
        login_id varchar(255) not null,
        phone_number varchar(255) not null,
        user_email varchar(255) not null,
        user_gender enum ('FEMALE','MALE'),
        user_name varchar(255) not null,
        user_password varchar(255) not null,
        primary key (user_id)
    ) engine=InnoDB
2023-07-26T15:11:47.569+09:00 DEBUG 18612 --- [    Test worker] org.hibernate.SQL                        : 
    alter table meeting_room 
       add constraint UK_ggbxtaec1p1f5h0ihpjb6prke unique (female_user_id)
2023-07-26T15:11:47.581+09:00 DEBUG 18612 --- [    Test worker] org.hibernate.SQL                        : 
    alter table meeting_room 
       add constraint UK_6od76r0yrcrd14i917hlcv62k unique (male_user_id)
2023-07-26T15:11:47.592+09:00 DEBUG 18612 --- [    Test worker] org.hibernate.SQL                        : 
    alter table profile 
       add constraint UK_c1dkiawnlj6uoe6fnlwd6j83j unique (user_id)
2023-07-26T15:11:47.604+09:00 DEBUG 18612 --- [    Test worker] org.hibernate.SQL                        : 
    alter table users 
       add constraint UK_i3xs7wmfu2i3jt079uuetycit unique (login_id)
2023-07-26T15:11:47.619+09:00 DEBUG 18612 --- [    Test worker] org.hibernate.SQL                        : 
    alter table users 
       add constraint UK_9q63snka3mdh91as4io72espi unique (phone_number)
2023-07-26T15:11:47.629+09:00 DEBUG 18612 --- [    Test worker] org.hibernate.SQL                        : 
    alter table users 
       add constraint UK_33uo7vet9c79ydfuwg1w848f unique (user_email)
2023-07-26T15:11:47.641+09:00 DEBUG 18612 --- [    Test worker] org.hibernate.SQL                        : 
    alter table comment 
       add constraint FK8hnaxpt19wkxht34y9lj6d924 
       foreign key (user_profile_id) 
       references profile (user_profile_id)
2023-07-26T15:11:47.670+09:00 DEBUG 18612 --- [    Test worker] org.hibernate.SQL                        : 
    alter table comment 
       add constraint FKqm52p1v3o13hy268he0wcngr5 
       foreign key (user_id) 
       references users (user_id)
2023-07-26T15:11:47.703+09:00 DEBUG 18612 --- [    Test worker] org.hibernate.SQL                        : 
    alter table friend_message 
       add constraint FKmypjh3v3h01fb4mmv1eqlucw3 
       foreign key (friend_ship_id) 
       references friend_ship (friend_ship_id)
2023-07-26T15:11:47.734+09:00 DEBUG 18612 --- [    Test worker] org.hibernate.SQL                        : 
    alter table friend_message 
       add constraint FKcgo496tsvsh8160b61vl6rteu 
       foreign key (message_from_user_id) 
       references users (user_id)
2023-07-26T15:11:47.766+09:00 DEBUG 18612 --- [    Test worker] org.hibernate.SQL                        : 
    alter table friend_message 
       add constraint FKhvbnqpg95cvkd8kwm74fh9bvu 
       foreign key (message_to_user_id) 
       references users (user_id)
2023-07-26T15:11:47.804+09:00 DEBUG 18612 --- [    Test worker] org.hibernate.SQL                        : 
    alter table friend_ship 
       add constraint FKo81dgxr12v6jh7istcqtsdrmi 
       foreign key (friend_id) 
       references users (user_id)
2023-07-26T15:11:47.835+09:00 DEBUG 18612 --- [    Test worker] org.hibernate.SQL                        : 
    alter table friend_ship 
       add constraint FKhjv9s41799s4f5gh9h0y3l1ln 
       foreign key (user_id) 
       references users (user_id)
2023-07-26T15:11:47.869+09:00 DEBUG 18612 --- [    Test worker] org.hibernate.SQL                        : 
    alter table meeting_group 
       add constraint FKlpby273od6g120k53gy9jvlka 
       foreign key (three_room_group_id) 
       references three_meeting_room_group (group_meeting_room_user_id)
2023-07-26T15:11:47.898+09:00 DEBUG 18612 --- [    Test worker] org.hibernate.SQL                        : 
    alter table meeting_room 
       add constraint FK2ljhh665de8pl14t9fpyi6dsa 
       foreign key (female_user_id) 
       references users (user_id)
2023-07-26T15:11:47.931+09:00 DEBUG 18612 --- [    Test worker] org.hibernate.SQL                        : 
    alter table meeting_room 
       add constraint FK9p00mrmiec6akv2606hqb7phc 
       foreign key (male_user_id) 
       references users (user_id)
2023-07-26T15:11:47.965+09:00 DEBUG 18612 --- [    Test worker] org.hibernate.SQL                        : 
    alter table meeting_room_message 
       add constraint FKjik3vy046tk71oswsiyrcf7tf 
       foreign key (room_id) 
       references meeting_room (room_id)
2023-07-26T15:11:47.998+09:00 DEBUG 18612 --- [    Test worker] org.hibernate.SQL                        : 
    alter table meeting_room_message 
       add constraint FK9cgl7trlfxiv7xcnyh1abs217 
       foreign key (message_from_user_id) 
       references users (user_id)
2023-07-26T15:11:48.050+09:00 DEBUG 18612 --- [    Test worker] org.hibernate.SQL                        : 
    alter table profile 
       add constraint FKs14jvsf9tqrcnly0afsv0ngwv 
       foreign key (user_id) 
       references users (user_id)
2023-07-26T15:11:48.083+09:00 DEBUG 18612 --- [    Test worker] org.hibernate.SQL                        : 
    alter table profile_image 
       add constraint FKj7q7ua8fc86ib49670ys8f9rw 
       foreign key (user_profile_id) 
       references profile (user_profile_id)
2023-07-26T15:11:48.111+09:00 DEBUG 18612 --- [    Test worker] org.hibernate.SQL                        : 
    alter table three_meeting_room_group 
       add constraint FKphbxg67i4fsf2osr4edlakh6o 
       foreign key (three_meeting_room_id) 
       references meeting_room (room_id)
2023-07-26T15:11:48.153+09:00 DEBUG 18612 --- [    Test worker] org.hibernate.SQL                        : 
    alter table users 
       add constraint FKrtgwmfk71wu3tj1ac07hkjqnk 
       foreign key (group_id) 
       references meeting_group (group_id)
2023-07-26T15:11:48.248+09:00  INFO 18612 --- [    Test worker] j.LocalContainerEntityManagerFactoryBean : Initialized JPA EntityManagerFactory for persistence unit 'default'
2023-07-26T15:11:48.914+09:00  WARN 18612 --- [    Test worker] JpaBaseConfiguration$JpaWebConfiguration : spring.jpa.open-in-view is enabled by default. Therefore, database queries may be performed during view rendering. Explicitly configure spring.jpa.open-in-view to disable this warning
2023-07-26T15:11:49.327+09:00  WARN 18612 --- [    Test worker] ion$DefaultTemplateResolverConfiguration : Cannot find template location: classpath:/templates/ (please add some templates, check your Thymeleaf configuration, or set spring.thymeleaf.check-template-location=false)
2023-07-26T15:11:49.482+09:00  INFO 18612 --- [    Test worker] c.ssafy.project.service.UserServiceTest  : Started UserServiceTest in 6.865 seconds (process running for 8.467)
2023-07-26T15:11:50.232+09:00 DEBUG 18612 --- [    Test worker] org.hibernate.SQL                        : 
    select
        u1_0.user_id,
        u1_0.created_date,
        u1_0.login_id,
        u1_0.group_id,
        u1_0.modified_date,
        u1_0.phone_number,
        u1_0.user_age,
        u1_0.user_email,
        u1_0.user_gender,
        u1_0.user_mode,
        u1_0.user_name,
        u1_0.user_password 
    from
        users u1_0 
    where
        u1_0.user_name=?
2023-07-26T15:11:50.271+09:00 DEBUG 18612 --- [    Test worker] org.hibernate.SQL                        : 
    insert 
    into
        users
        (created_date,login_id,group_id,modified_date,phone_number,user_age,user_email,user_gender,user_mode,user_name,user_password) 
    values
        (?,?,?,?,?,?,?,?,?,?,?)
]]></system-out>
  <system-err><![CDATA[]]></system-err>
</testsuite>
